Change Physical Footprint: Designator=C1 Old Footprint=RB7.6-15 New Footprint=RB7.6-15
Change Physical Footprint: Designator=C2 Old Footprint=RB7.6-15 New Footprint=RB7.6-15
Change Physical Footprint: Designator=C3 Old Footprint=RB7.6-15 New Footprint=RB7.6-15
Change Physical Footprint: Designator=C4 Old Footprint=RB7.6-15 New Footprint=RB7.6-15
Change Physical Footprint: Designator=C5 Old Footprint=C1206 New Footprint=C1206
Change Physical Footprint: Designator=C6 Old Footprint=C1206 New Footprint=C1206
Change Physical Footprint: Designator=C7 Old Footprint=C1206 New Footprint=C1206
Change Physical Footprint: Designator=C8 Old Footprint=C1206 New Footprint=C1206
Change Physical Footprint: Designator=C9 Old Footprint=C1206 New Footprint=C1206
Change Physical Footprint: Designator=C10 Old Footprint=RB7.6-15 New Footprint=RB7.6-15
Change Physical Footprint: Designator=D1 Old Footprint=DIODE-0.7 New Footprint=DIODE-0.7
Change Physical Footprint: Designator=D2 Old Footprint=SMC New Footprint=SMC
Change Physical Footprint: Designator=F1 Old Footprint=5X20MM_LITTLEFUSE_CARTRIDGE New Footprint=5X20MM_LITTLEFUSE_CARTRIDGE
Change Physical Footprint: Designator=F2 Old Footprint=5X20MM_LITTLEFUSE_CARTRIDGE New Footprint=5X20MM_LITTLEFUSE_CARTRIDGE
Change Physical Footprint: Designator=P1 Old Footprint=MOLEX_MINI_1X2CCT New Footprint=MOLEX_MINI_1X2CCT
Change Physical Footprint: Designator=P2 Old Footprint=MOLEX_MICRO_2X1CCT New Footprint=MOLEX_MICRO_2X1CCT
Change Physical Footprint: Designator=P3 Old Footprint=HDR2X3 New Footprint=HDR2X3
Change Physical Footprint: Designator=P4 Old Footprint=MOLEX_Micro_4x1CCT New Footprint=MOLEX_Micro_4x1CCT
Change Physical Footprint: Designator=P5 Old Footprint=HDR2X3 New Footprint=HDR2X3
Change Physical Footprint: Designator=P6 Old Footprint=MOLEX_Micro_4x1CCT New Footprint=MOLEX_Micro_4x1CCT
Change Physical Footprint: Designator=P7 Old Footprint=MOLEX_MICRO_3X1CCT New Footprint=MOLEX_MICRO_3X1CCT
Change Physical Footprint: Designator=P8 Old Footprint=MOLEX_MINI_1X2CCT New Footprint=MOLEX_MINI_1X2CCT
Change Physical Footprint: Designator=P9 Old Footprint=MOLEX_MICRO_4X2CCT New Footprint=MOLEX_MICRO_4X2CCT
Change Physical Footprint: Designator=R1 Old Footprint=6-0805_N New Footprint=6-0805_N
Change Physical Footprint: Designator=R2 Old Footprint=6-0805_N New Footprint=6-0805_N
Change Physical Footprint: Designator=R3 Old Footprint=6-0805_N New Footprint=6-0805_N
Change Physical Footprint: Designator=R4 Old Footprint=6-0805_N New Footprint=6-0805_N
Change Physical Footprint: Designator=R5 Old Footprint=6-0805_N New Footprint=6-0805_N
Change Physical Footprint: Designator=R6 Old Footprint=6-0805_N New Footprint=6-0805_N
Change Physical Footprint: Designator=U1 Old Footprint=D24VXXFX_BREAKOUT New Footprint=D24VXXFX_BREAKOUT
Change Physical Footprint: Designator=U4 Old Footprint=24V13_BREAKOUT New Footprint=24V13_BREAKOUT
Change Physical Footprint: Designator=U$2 Old Footprint=CONNECTOR New Footprint=CONNECTOR
