Added Component: Designator=D3(1206 SMD LED)
Added Component: Designator=D4(1206 SMD LED)
Added Component: Designator=D5(1206 SMD LED)
Added Component: Designator=D6(1206 SMD LED)
Added Component: Designator=D7(1206 SMD LED)
Added Pin To Net: NetName=NetD3_1 Pin=D3-1
Added Pin To Net: NetName=GND Pin=D3-2
Added Pin To Net: NetName=NetD4_1 Pin=D4-1
Added Pin To Net: NetName=GND Pin=D4-2
Added Pin To Net: NetName=NetD5_1 Pin=D5-1
Added Pin To Net: NetName=GND Pin=D5-2
Added Pin To Net: NetName=NetD6_1 Pin=D6-1
Added Pin To Net: NetName=GND Pin=D6-2
Added Pin To Net: NetName=NetD7_1 Pin=D7-1
Added Pin To Net: NetName=GND Pin=D7-2
Added Member To Class: ClassName=CropSenseMovement Member=Component D3 GRN
Added Member To Class: ClassName=CropSenseMovement Member=Component D4 BLU
Added Member To Class: ClassName=CropSenseMovement Member=Component D5 BLU
Added Member To Class: ClassName=CropSenseMovement Member=Component D6 BLU
Added Member To Class: ClassName=CropSenseMovement Member=Component D7 RED
