Removed Pin From Net: NetName=NetP5_4 Pin=P5-4
Removed Pin From Net: NetName=NetP5_4 Pin=U2-A2
Change Component Footprint: Designator=D2 Old Footprint=DIODE-0.7 New Footprint=SOD123
Change Component Footprint: Designator=C1 Old Footprint=RB7.6-15 New Footprint=CAP 8mm
Change Component Footprint: Designator=C2 Old Footprint=RB7.6-15 New Footprint=CAP 8mm
Change Component Footprint: Designator=D1 Old Footprint=SMC New Footprint=DPAK229P991X238-3N
Change Component Comment : Designator=D5 Old Comment=BLU New Comment=RED
Change Component Comment : Designator=D1 Old Comment=SCHOTTKY New Comment=MBRD835L
Change Component Comment : Designator=D2 Old Comment=ZENER 24V New Comment=BZT52C24
Change Component Designator: OldDesignator=C3 NewDesignator=C4
Change Component Designator: OldDesignator=C4 NewDesignator=C3
Change Component Designator: OldDesignator=C5 NewDesignator=C14
Change Component Designator: OldDesignator=C6 NewDesignator=C5
Change Component Designator: OldDesignator=C7 NewDesignator=C6
Change Component Designator: OldDesignator=C8 NewDesignator=C9
Change Component Designator: OldDesignator=C9 NewDesignator=C10
Change Component Designator: OldDesignator=C10 NewDesignator=C7
Change Component Designator: OldDesignator=C11 NewDesignator=C8
Change Component Designator: OldDesignator=C12 NewDesignator=C13
Change Component Designator: OldDesignator=C13 NewDesignator=C11
Change Component Designator: OldDesignator=C14 NewDesignator=C12
Change Component Designator: OldDesignator=D4 NewDesignator=D6
Change Component Designator: OldDesignator=D5 NewDesignator=D7
Change Component Designator: OldDesignator=P1 NewDesignator=P8
Change Component Designator: OldDesignator=P2 NewDesignator=P1
Change Component Designator: OldDesignator=P3 NewDesignator=P2
Change Component Designator: OldDesignator=P4 NewDesignator=P3
Change Component Designator: OldDesignator=P5 NewDesignator=P4
Change Component Designator: OldDesignator=P6 NewDesignator=P5
Change Component Designator: OldDesignator=P7 NewDesignator=P6
Change Component Designator: OldDesignator=P8 NewDesignator=P9
Change Component Designator: OldDesignator=P9 NewDesignator=P7
Change Component Designator: OldDesignator=R2 NewDesignator=R8
Change Component Designator: OldDesignator=R3 NewDesignator=R15
Change Component Designator: OldDesignator=R4 NewDesignator=R9
Change Component Designator: OldDesignator=R5 NewDesignator=R2
Change Component Designator: OldDesignator=R5 NewDesignator=R3
Change Component Designator: OldDesignator=R6 NewDesignator=R10
Change Component Designator: OldDesignator=R7 NewDesignator=R6
Change Component Designator: OldDesignator=R7 NewDesignator=R11
Change Component Designator: OldDesignator=R8 NewDesignator=R7
Change Component Designator: OldDesignator=R8 NewDesignator=R14
Change Component Designator: OldDesignator=R9 NewDesignator=R16
Change Component Designator: OldDesignator=R10 NewDesignator=R12
Change Component Designator: OldDesignator=R11 NewDesignator=R13
Change Component Designator: OldDesignator=U2 NewDesignator=U3
Change Component Designator: OldDesignator=U3 NewDesignator=U4
Change Component Designator: OldDesignator=U4 NewDesignator=U2
Added Component: Designator=D4(3.2X1.6X1.1)
Added Component: Designator=D5(3.2X1.6X1.1)
Added Component: Designator=R4(6-0805_N)
Added Component: Designator=R5(6-0805_N)
Added Pin To Net: NetName=GND Pin=D4-2
Added Pin To Net: NetName=GND Pin=D5-2
Added Pin To Net: NetName=NetP5_4 Pin=P5-4
Added Pin To Net: NetName=NetP5_4 Pin=R5-1
Added Pin To Net: NetName=NetP5_4 Pin=U4-A2
Change Net Name : Old Net Name=NetC4_1 New Net Name=NetC3_1
Change Net Name : Old Net Name=NetD4_1 New Net Name=NetD6_1
Change Net Name : Old Net Name=NetD5_1 New Net Name=NetD7_1
Change Net Name : Old Net Name=NetP3_2 New Net Name=NetP2_2
Change Net Name : Old Net Name=NetP3_4 New Net Name=NetP2_4
Change Net Name : Old Net Name=NetP3_6 New Net Name=NetP2_6
Change Net Name : Old Net Name=NetP4_2 New Net Name=NetP3_2
Change Net Name : Old Net Name=NetP4_4 New Net Name=NetP3_4
Change Net Name : Old Net Name=NetP4_6 New Net Name=NetP3_6
Change Net Name : Old Net Name=NetP5_1 New Net Name=NetP4_1
Change Net Name : Old Net Name=NetP5_2 New Net Name=NetP4_2
Change Net Name : Old Net Name=NetP5_3 New Net Name=NetP4_3
Change Net Name : Old Net Name=NetP6_1 New Net Name=NetP5_1
Change Net Name : Old Net Name=NetP6_2 New Net Name=NetP5_2
Change Net Name : Old Net Name=NetP6_3 New Net Name=NetP5_3
Change Net Name : Old Net Name=NetP7_1 New Net Name=NetP6_1
Change Net Name : Old Net Name=NetP7_2 New Net Name=NetP6_2
Change Net Name : Old Net Name=NetP9_1 New Net Name=NetP7_1
Change Net Name : Old Net Name=NetP9_2 New Net Name=NetP7_2
Change Net Name : Old Net Name=NetP9_3 New Net Name=NetP7_3
Change Net Name : Old Net Name=NetP9_4 New Net Name=NetP7_4
Change Net Name : Old Net Name=NetR4_1 New Net Name=NetR9_1
Change Net Name : Old Net Name=NetR5_3 New Net Name=NetR3_3
Added Pin To Net: NetName=NetD4_1 Pin=D4-1
Added Pin To Net: NetName=NetD4_1 Pin=R4-2
Added Net: Name=NetD4_1
Added Pin To Net: NetName=NetD5_1 Pin=D5-1
Added Pin To Net: NetName=NetD5_1 Pin=R5-2
Added Net: Name=NetD5_1
Added Pin To Net: NetName=NetP4_4 Pin=P4-4
Added Pin To Net: NetName=NetP4_4 Pin=R4-1
Added Pin To Net: NetName=NetP4_4 Pin=U3-A2
Added Net: Name=NetP4_4
Added Member To Class: ClassName=CropSenseMovement Member=Component C4 10nF
Added Member To Class: ClassName=CropSenseMovement Member=Component C10 100nF
Added Member To Class: ClassName=CropSenseMovement Member=Component D6 BLU
Added Member To Class: ClassName=CropSenseMovement Member=Component D7 RED
Added Member To Class: ClassName=CropSenseMovement Member=Component R12 100K
Added Member To Class: ClassName=CropSenseMovement Member=Component R13 100K
Added Member To Class: ClassName=CropSenseMovement Member=Component R14 38.3K
Added Member To Class: ClassName=CropSenseMovement Member=Component R15 10K
Added Member To Class: ClassName=CropSenseMovement Member=Component R16 10K
