Added Component: Designator=C7(C1206)
Added Component: Designator=C8(C1206)
Added Component: Designator=C11(C1206)
Added Component: Designator=C12(C1206)
Added Component: Designator=C14(C1206)
Added Pin To Net: NetName=GND Pin=C7-1
Added Pin To Net: NetName=X-MAX Pin=C7-2
Added Pin To Net: NetName=GND Pin=C8-1
Added Pin To Net: NetName=X-MIN Pin=C8-2
Added Pin To Net: NetName=GND Pin=C11-1
Added Pin To Net: NetName=Z-MAX Pin=C11-2
Added Pin To Net: NetName=GND Pin=C12-1
Added Pin To Net: NetName=Z-MIN Pin=C12-2
Added Pin To Net: NetName=GND Pin=C14-1
Added Pin To Net: NetName=Y-ENC Pin=C14-2
Added Member To Class: ClassName=CropSenseMovement Member=Component C7 100nF
Added Member To Class: ClassName=CropSenseMovement Member=Component C8 100nF
Added Member To Class: ClassName=CropSenseMovement Member=Component C11 100nF
Added Member To Class: ClassName=CropSenseMovement Member=Component C12 100nF
Added Member To Class: ClassName=CropSenseMovement Member=Component C14 100nF
